<?xml version="1.0" encoding="UTF-8"?>
<testsuite xmlns:xsi="http://www.w3.org/2001/XMLSchema-instance" xsi:noNamespaceSchemaLocation="https://maven.apache.org/surefire/maven-surefire-plugin/xsd/surefire-test-report-3.0.xsd" version="3.0" name="com.alura.literalura.LiteraluraApplicationTests" time="5.627" tests="1" errors="0" skipped="0" failures="0">
  <properties>
[...]
</properties>
  <testcase name="contextLoads" classname="com.alura.literalura.LiteraluraApplicationTests" time="1.094">
    <system-out><![CDATA[00:55:52.730 [main] INFO org.springframework.test.context.support.AnnotationConfigContextLoaderUtils -- Could not detect default configuration classes for test class [com.alura.literalura.LiteraluraApplicationTests]: LiteraluraApplicationTests does not declare any static, non-private, non-final, nested classes annotated with @Configuration.
00:55:52.928 [main] INFO org.springframework.boot.test.context.SpringBootTestContextBootstrapper -- Found @SpringBootConfiguration com.alura.literalura.LiteraluraApplication for test class com.alura.literalura.LiteraluraApplicationTests

  .   ____          _            __ _ _
 /\\ / ___'_ __ _ _(_)_ __  __ _ \ \ \ \
( ( )\___ | '_ | '_| | '_ \/ _` | \ \ \ \
 \\/  ___)| |_)| | | | | || (_| |  ) ) ) )
  '  |____| .__|_| |_|_| |_\__, | / / / /
 =========|_|==============|___/=/_/_/_/

 :: Spring Boot ::                (v3.3.5)

2024-11-16T00:55:53.369-06:00  INFO 11252 --- [literalura] [           main] c.a.l.LiteraluraApplicationTests         : Starting LiteraluraApplicationTests using Java 21.0.2 with PID 11252 (started by PC in C:\Users\PC\Desktop\Materiales cursos Alura\literalura\literalura)
2024-11-16T00:55:53.371-06:00  INFO 11252 --- [literalura] [           main] c.a.l.LiteraluraApplicationTests         : No active profile set, falling back to 1 default profile: "default"
2024-11-16T00:55:54.014-06:00  INFO 11252 --- [literalura] [           main] .s.d.r.c.RepositoryConfigurationDelegate : Bootstrapping Spring Data JPA repositories in DEFAULT mode.
2024-11-16T00:55:54.039-06:00  INFO 11252 --- [literalura] [           main] .s.d.r.c.RepositoryConfigurationDelegate : Finished Spring Data repository scanning in 14 ms. Found 0 JPA repository interfaces.
2024-11-16T00:55:54.565-06:00  INFO 11252 --- [literalura] [           main] o.hibernate.jpa.internal.util.LogHelper  : HHH000204: Processing PersistenceUnitInfo [name: default]
2024-11-16T00:55:54.643-06:00  INFO 11252 --- [literalura] [           main] org.hibernate.Version                    : HHH000412: Hibernate ORM core version 6.5.3.Final
2024-11-16T00:55:54.686-06:00  INFO 11252 --- [literalura] [           main] o.h.c.internal.RegionFactoryInitiator    : HHH000026: Second-level cache disabled
2024-11-16T00:55:55.056-06:00  INFO 11252 --- [literalura] [           main] o.s.o.j.p.SpringPersistenceUnitInfo      : No LoadTimeWeaver setup: ignoring JPA class transformer
2024-11-16T00:55:55.098-06:00  INFO 11252 --- [literalura] [           main] com.zaxxer.hikari.HikariDataSource       : HikariPool-1 - Starting...
2024-11-16T00:55:55.375-06:00  INFO 11252 --- [literalura] [           main] com.zaxxer.hikari.pool.HikariPool        : HikariPool-1 - Added connection org.postgresql.jdbc.PgConnection@23ea8830
2024-11-16T00:55:55.377-06:00  INFO 11252 --- [literalura] [           main] com.zaxxer.hikari.HikariDataSource       : HikariPool-1 - Start completed.
2024-11-16T00:55:55.886-06:00  INFO 11252 --- [literalura] [           main] o.h.e.t.j.p.i.JtaPlatformInitiator       : HHH000489: No JTA platform available (set 'hibernate.transaction.jta.platform' to enable JTA platform integration)
2024-11-16T00:55:55.892-06:00  INFO 11252 --- [literalura] [           main] j.LocalContainerEntityManagerFactoryBean : Initialized JPA EntityManagerFactory for persistence unit 'default'
2024-11-16T00:55:56.129-06:00  WARN 11252 --- [literalura] [           main] JpaBaseConfiguration$JpaWebConfiguration : spring.jpa.open-in-view is enabled by default. Therefore, database queries may be performed during view rendering. Explicitly configure spring.jpa.open-in-view to disable this warning
2024-11-16T00:55:57.052-06:00  INFO 11252 --- [literalura] [           main] c.a.l.LiteraluraApplicationTests         : Started LiteraluraApplicationTests in 3.956 seconds (process running for 5.23)
]]></system-out>
    <system-err><![CDATA[WARNING: A Java agent has been loaded dynamically (C:\Users\PC\.m2\repository\net\bytebuddy\byte-buddy-agent\1.14.19\byte-buddy-agent-1.14.19.jar)
WARNING: If a serviceability tool is in use, please run with -XX:+EnableDynamicAgentLoading to hide this warning
WARNING: If a serviceability tool is not in use, please run with -Djdk.instrument.traceUsage for more information
WARNING: Dynamic loading of agents will be disallowed by default in a future release
]]></system-err>
  </testcase>
</testsuite>